[2026-02-11 06:08:11] [INFO] Weekly task start. RootDir=D:\projects\investment-assistant
[2026-02-11 06:08:11] [INFO] LogPath=D:\projects\investment-assistant\logs\weekly\weekly_task_20260211_060810.log
[2026-02-11 06:08:11] [INFO] SummaryPath=D:\projects\investment-assistant\reports\weekly\weekly_summary_2026-07.txt
[2026-02-11 06:08:11] [STEP] ==> HealthCheck: list repo root
[2026-02-11 06:08:11] [INFO] RootItem: .venv
[2026-02-11 06:08:11] [INFO] RootItem: archive
[2026-02-11 06:08:11] [INFO] RootItem: data
[2026-02-11 06:08:11] [INFO] RootItem: logs
[2026-02-11 06:08:11] [INFO] RootItem: reports
[2026-02-11 06:08:11] [INFO] RootItem: scripts
[2026-02-11 06:08:11] [INFO] RootItem: src
[2026-02-11 06:08:11] [INFO] RootItem: tests
[2026-02-11 06:08:11] [INFO] RootItem: run.ps1
[2026-02-11 06:08:11] [INFO] RootItem: _check_md.py
[2026-02-11 06:08:11] [INFO] <== OK: HealthCheck: list repo root
[2026-02-11 06:08:11] [INFO] GapCheck start (LookbackWeeks=12)...
[2026-02-11 06:08:11] [WARN] GapCheck: MISSING 11 week(s): 2026-06, 2026-05, 2026-04, 2026-03, 2026-02, 2026-53, 2025-52, 2025-51, 2025-50, 2025-49, 2025-48
[2026-02-11 06:08:11] [INFO] Weekly task done. ExitCode=2
[2026-02-11 06:08:11] [INFO] SummaryPath=D:\projects\investment-assistant\reports\weekly\weekly_summary_2026-07.txt
[2026-02-11 06:08:11] [INFO] LogPath=D:\projects\investment-assistant\logs\weekly\weekly_task_20260211_060810.log
