[2026-02-11 06:51:07] [INFO] Weekly task start. RootDir=D:\projects\investment-assistant
[2026-02-11 06:51:07] [INFO] LogPath=D:\projects\investment-assistant\logs\weekly\weekly_task_20260211_065107.log
[2026-02-11 06:51:07] [INFO] SummaryPath=D:\projects\investment-assistant\reports\weekly\weekly_summary_2026-07.txt
[2026-02-11 06:51:07] [STEP] ==> HealthCheck: list repo root
[2026-02-11 06:51:07] [INFO] RootItem: .venv
[2026-02-11 06:51:07] [INFO] RootItem: archive
[2026-02-11 06:51:07] [INFO] RootItem: data
[2026-02-11 06:51:07] [INFO] RootItem: logs
[2026-02-11 06:51:07] [INFO] RootItem: reports
[2026-02-11 06:51:07] [INFO] RootItem: scripts
[2026-02-11 06:51:07] [INFO] RootItem: src
[2026-02-11 06:51:07] [INFO] RootItem: tests
[2026-02-11 06:51:07] [INFO] RootItem: run.ps1
[2026-02-11 06:51:07] [INFO] RootItem: _check_md.py
[2026-02-11 06:51:07] [INFO] RootItem: _patch_note.txt
[2026-02-11 06:51:07] [INFO] RootItem: _probe_md.py
[2026-02-11 06:51:07] [INFO] <== OK: HealthCheck: list repo root
[2026-02-11 06:51:07] [STEP] ==> Python: ensure venv (.venv)
[2026-02-11 06:51:07] [INFO] Venv OK: D:\projects\investment-assistant\.venv\Scripts\python.exe
[2026-02-11 06:51:07] [INFO] <== OK: Python: ensure venv (.venv)
[2026-02-11 06:51:07] [STEP] ==> Python: pip install (requirements.txt if exists)
[2026-02-11 06:51:07] [WARN] requirements.txt not found; skip pip install
[2026-02-11 06:51:07] [INFO] <== OK: Python: pip install (requirements.txt if exists)
[2026-02-11 06:51:07] [STEP] ==> Python: pytest (if installed)
[2026-02-11 06:51:07] [INFO] CMD: D:\projects\investment-assistant\.venv\Scripts\python.exe -c import importlib.util,sys; sys.exit(0 if importlib.util.find_spec("pytest") else 2)
[2026-02-11 06:51:08] [ERROR] <== FAIL: Python: pytest (if installed) | ExitCode=1
[2026-02-11 06:51:08] [ERROR] Stack: at Invoke-Exe, D:\projects\investment-assistant\scripts\run_weekly_task.ps1: line 116
at <ScriptBlock>, D:\projects\investment-assistant\scripts\run_weekly_task.ps1: line 198
at Run-Step, D:\projects\investment-assistant\scripts\run_weekly_task.ps1: line 85
at <ScriptBlock>, D:\projects\investment-assistant\scripts\run_weekly_task.ps1: line 195
[2026-02-11 06:51:08] [STEP] ==> Python: markdown check (_check_md.py if exists)
[2026-02-11 06:51:08] [INFO] CMD: D:\projects\investment-assistant\.venv\Scripts\python.exe D:\projects\investment-assistant\_check_md.py
[2026-02-11 06:51:09] [INFO] <== OK: Python: markdown check (_check_md.py if exists)
[2026-02-11 06:51:09] [STEP] ==> Data: snapshot & validate (data/*.csv)
[2026-02-11 06:51:10] [INFO] <== OK: Data: snapshot & validate (data/*.csv)
[2026-02-11 06:51:10] [INFO] GapCheck start (LookbackWeeks=12)...
[2026-02-11 06:51:10] [INFO] GapCheck: OK (no missing weeks within lookback window)
[2026-02-11 06:51:10] [INFO] Weekly task done. ExitCode=0
[2026-02-11 06:51:10] [INFO] SummaryPath=D:\projects\investment-assistant\reports\weekly\weekly_summary_2026-07.txt
[2026-02-11 06:51:10] [INFO] LogPath=D:\projects\investment-assistant\logs\weekly\weekly_task_20260211_065107.log
