[2026-02-11 08:07:47] [INFO] Weekly task start. RootDir=D:\projects\investment-assistant
[2026-02-11 08:07:47] [INFO] LogPath=D:\projects\investment-assistant\logs\weekly\weekly_task_20260211_080747.log
[2026-02-11 08:07:47] [INFO] SummaryPath=D:\projects\investment-assistant\reports\weekly\weekly_summary_2026-07.txt
[2026-02-11 08:07:47] [STEP] ==> HealthCheck: list repo root
[2026-02-11 08:07:47] [INFO] RootItem: .venv
[2026-02-11 08:07:47] [INFO] RootItem: archive
[2026-02-11 08:07:47] [INFO] RootItem: data
[2026-02-11 08:07:47] [INFO] RootItem: logs
[2026-02-11 08:07:47] [INFO] RootItem: reports
[2026-02-11 08:07:47] [INFO] RootItem: scripts
[2026-02-11 08:07:47] [INFO] RootItem: src
[2026-02-11 08:07:47] [INFO] RootItem: tests
[2026-02-11 08:07:47] [INFO] RootItem: run.ps1
[2026-02-11 08:07:47] [INFO] RootItem: _check_md.py
[2026-02-11 08:07:47] [INFO] RootItem: _patch_note.txt
[2026-02-11 08:07:47] [INFO] RootItem: _probe_md.py
[2026-02-11 08:07:47] [INFO] <== OK: HealthCheck: list repo root
[2026-02-11 08:07:47] [STEP] ==> Python: ensure venv (.venv)
[2026-02-11 08:07:47] [INFO] Venv OK: D:\projects\investment-assistant\.venv\Scripts\python.exe
[2026-02-11 08:07:47] [INFO] <== OK: Python: ensure venv (.venv)
[2026-02-11 08:07:47] [STEP] ==> Python: pip install (requirements.txt if exists)
[2026-02-11 08:07:47] [WARN] requirements.txt not found; skip pip install
[2026-02-11 08:07:47] [INFO] <== OK: Python: pip install (requirements.txt if exists)
[2026-02-11 08:07:47] [STEP] ==> Python: pytest (if installed)
[2026-02-11 08:07:47] [INFO] pytest not installed (pytest.exe not found); skip
[2026-02-11 08:07:47] [INFO] <== OK: Python: pytest (if installed)
[2026-02-11 08:07:47] [STEP] ==> Python: markdown check (_check_md.py if exists)
[2026-02-11 08:07:47] [INFO] CMD: D:\projects\investment-assistant\.venv\Scripts\python.exe D:\projects\investment-assistant\_check_md.py
[2026-02-11 08:07:48] [INFO] <== OK: Python: markdown check (_check_md.py if exists)
[2026-02-11 08:07:48] [STEP] ==> Data: snapshot & validate (data/*.csv)
[2026-02-11 08:07:49] [INFO] <== OK: Data: snapshot & validate (data/*.csv)
[2026-02-11 08:07:49] [INFO] GapCheck start (LookbackWeeks=12)...
[2026-02-11 08:07:49] [INFO] GapCheck: OK (no missing weeks within lookback window)
[2026-02-11 08:07:49] [INFO] Weekly task done. ExitCode=0
[2026-02-11 08:07:49] [INFO] SummaryPath=D:\projects\investment-assistant\reports\weekly\weekly_summary_2026-07.txt
[2026-02-11 08:07:49] [INFO] LogPath=D:\projects\investment-assistant\logs\weekly\weekly_task_20260211_080747.log
